<?xml version="1.0" encoding="UTF-8"?>
<testsuite xmlns:xsi="http://www.w3.org/2001/XMLSchema-instance" xsi:noNamespaceSchemaLocation="https://maven.apache.org/surefire/maven-surefire-plugin/xsd/surefire-test-report.xsd" name="calendarios.CalendariosTest" time="0.784" tests="24" errors="0" skipped="0" failures="0">
  <properties>
    <property name="java.specification.version" value="17"/>
    <property name="sun.cpu.isalist" value="amd64"/>
    <property name="sun.jnu.encoding" value="Cp1252"/>
    <property name="java.class.path" value="C:\Users\julia\Downloads\tpi3-calendarios-2025-Barlita03\tpi3-calendarios-2025-Barlita03\target\test-classes;C:\Users\julia\Downloads\tpi3-calendarios-2025-Barlita03\tpi3-calendarios-2025-Barlita03\target\classes;C:\Users\julia\.m2\repository\org\junit\jupiter\junit-jupiter-engine\5.9.2\junit-jupiter-engine-5.9.2.jar;C:\Users\julia\.m2\repository\org\junit\platform\junit-platform-engine\1.9.2\junit-platform-engine-1.9.2.jar;C:\Users\julia\.m2\repository\org\opentest4j\opentest4j\1.2.0\opentest4j-1.2.0.jar;C:\Users\julia\.m2\repository\org\junit\platform\junit-platform-commons\1.9.2\junit-platform-commons-1.9.2.jar;C:\Users\julia\.m2\repository\org\junit\jupiter\junit-jupiter-api\5.9.2\junit-jupiter-api-5.9.2.jar;C:\Users\julia\.m2\repository\org\apiguardian\apiguardian-api\1.1.2\apiguardian-api-1.1.2.jar;C:\Users\julia\.m2\repository\org\mockito\mockito-core\3.10.0\mockito-core-3.10.0.jar;C:\Users\julia\.m2\repository\net\bytebuddy\byte-buddy\1.11.0\byte-buddy-1.11.0.jar;C:\Users\julia\.m2\repository\net\bytebuddy\byte-buddy-agent\1.11.0\byte-buddy-agent-1.11.0.jar;C:\Users\julia\.m2\repository\org\objenesis\objenesis\3.2\objenesis-3.2.jar;"/>
    <property name="java.vm.vendor" value="Oracle Corporation"/>
    <property name="sun.arch.data.model" value="64"/>
    <property name="user.variant" value=""/>
    <property name="java.vendor.url" value="https://java.oracle.com/"/>
    <property name="user.timezone" value="America/Buenos_Aires"/>
    <property name="os.name" value="Windows 10"/>
    <property name="java.vm.specification.version" value="17"/>
    <property name="sun.java.launcher" value="SUN_STANDARD"/>
    <property name="user.country" value="ES"/>
    <property name="sun.boot.library.path" value="C:\Program Files\Java\jdk-17\bin"/>
    <property name="sun.java.command" value="C:\Users\julia\AppData\Local\Temp\surefire2023560477389107271\surefirebooter1049269151415478666.jar C:\Users\julia\AppData\Local\Temp\surefire2023560477389107271 2025-06-26T16-39-10_844-jvmRun1 surefire8362543501255356540tmp surefire_07763792551214775821tmp"/>
    <property name="jdk.debug" value="release"/>
    <property name="surefire.test.class.path" value="C:\Users\julia\Downloads\tpi3-calendarios-2025-Barlita03\tpi3-calendarios-2025-Barlita03\target\test-classes;C:\Users\julia\Downloads\tpi3-calendarios-2025-Barlita03\tpi3-calendarios-2025-Barlita03\target\classes;C:\Users\julia\.m2\repository\org\junit\jupiter\junit-jupiter-engine\5.9.2\junit-jupiter-engine-5.9.2.jar;C:\Users\julia\.m2\repository\org\junit\platform\junit-platform-engine\1.9.2\junit-platform-engine-1.9.2.jar;C:\Users\julia\.m2\repository\org\opentest4j\opentest4j\1.2.0\opentest4j-1.2.0.jar;C:\Users\julia\.m2\repository\org\junit\platform\junit-platform-commons\1.9.2\junit-platform-commons-1.9.2.jar;C:\Users\julia\.m2\repository\org\junit\jupiter\junit-jupiter-api\5.9.2\junit-jupiter-api-5.9.2.jar;C:\Users\julia\.m2\repository\org\apiguardian\apiguardian-api\1.1.2\apiguardian-api-1.1.2.jar;C:\Users\julia\.m2\repository\org\mockito\mockito-core\3.10.0\mockito-core-3.10.0.jar;C:\Users\julia\.m2\repository\net\bytebuddy\byte-buddy\1.11.0\byte-buddy-1.11.0.jar;C:\Users\julia\.m2\repository\net\bytebuddy\byte-buddy-agent\1.11.0\byte-buddy-agent-1.11.0.jar;C:\Users\julia\.m2\repository\org\objenesis\objenesis\3.2\objenesis-3.2.jar;"/>
    <property name="sun.cpu.endian" value="little"/>
    <property name="user.home" value="C:\Users\julia"/>
    <property name="user.language" value="es"/>
    <property name="java.specification.vendor" value="Oracle Corporation"/>
    <property name="java.version.date" value="2024-07-16"/>
    <property name="java.home" value="C:\Program Files\Java\jdk-17"/>
    <property name="file.separator" value="\"/>
    <property name="basedir" value="C:\Users\julia\Downloads\tpi3-calendarios-2025-Barlita03\tpi3-calendarios-2025-Barlita03"/>
    <property name="java.vm.compressedOopsMode" value="Zero based"/>
    <property name="line.separator" value="&#10;"/>
    <property name="java.vm.specification.vendor" value="Oracle Corporation"/>
    <property name="java.specification.name" value="Java Platform API Specification"/>
    <property name="surefire.real.class.path" value="C:\Users\julia\AppData\Local\Temp\surefire2023560477389107271\surefirebooter1049269151415478666.jar"/>
    <property name="user.script" value=""/>
    <property name="sun.management.compiler" value="HotSpot 64-Bit Tiered Compilers"/>
    <property name="java.runtime.version" value="17.0.12+8-LTS-286"/>
    <property name="user.name" value="julia"/>
    <property name="path.separator" value=";"/>
    <property name="os.version" value="10.0"/>
    <property name="java.runtime.name" value="Java(TM) SE Runtime Environment"/>
    <property name="file.encoding" value="Cp1252"/>
    <property name="java.vm.name" value="Java HotSpot(TM) 64-Bit Server VM"/>
    <property name="localRepository" value="C:\Users\julia\.m2\repository"/>
    <property name="java.vendor.url.bug" value="https://bugreport.java.com/bugreport/"/>
    <property name="java.io.tmpdir" value="C:\Users\julia\AppData\Local\Temp\"/>
    <property name="java.version" value="17.0.12"/>
    <property name="user.dir" value="C:\Users\julia\Downloads\tpi3-calendarios-2025-Barlita03\tpi3-calendarios-2025-Barlita03"/>
    <property name="os.arch" value="amd64"/>
    <property name="java.vm.specification.name" value="Java Virtual Machine Specification"/>
    <property name="sun.os.patch.level" value=""/>
    <property name="native.encoding" value="Cp1252"/>
    <property name="java.library.path" value="C:\Program Files\Java\jdk-17\bin;C:\WINDOWS\Sun\Java\bin;C:\WINDOWS\system32;C:\WINDOWS;\bin;C:\Program Files\Common Files\Oracle\Java\javapath;C:\WINDOWS\system32;C:\WINDOWS;C:\WINDOWS\System32\Wbem;C:\WINDOWS\System32\WindowsPowerShell\v1.0\;C:\WINDOWS\System32\OpenSSH\;C:\Program Files (x86)\Microsoft SQL Server\160\Tools\Binn\;C:\Program Files\Microsoft SQL Server\160\Tools\Binn\;C:\Program Files\Microsoft SQL Server\Client SDK\ODBC\170\Tools\Binn\;C:\Program Files\Microsoft SQL Server\160\DTS\Binn\;C:\Program Files (x86)\Microsoft SQL Server\160\DTS\Binn\;C:\Program Files\NVIDIA Corporation\NVIDIA App\NvDLISR;C:\Users\julia\.jdks\openjdk-24\bin;C:\Program Files\Git\cmd;C:\Users\julia\AppData\Local\Microsoft\WindowsApps;C:\Users\julia\AppData\Local\Programs\Microsoft VS Code\bin;C:\Program Files\JetBrains\IntelliJ IDEA 2024.3.5\bin;C:\apache-maven-3.9.9\bin;C:\Users\julia\AppData\Local\JetBrains\Toolbox\scripts;;."/>
    <property name="java.vm.info" value="mixed mode, sharing"/>
    <property name="java.vendor" value="Oracle Corporation"/>
    <property name="java.vm.version" value="17.0.12+8-LTS-286"/>
    <property name="sun.io.unicode.encoding" value="UnicodeLittle"/>
    <property name="java.class.version" value="61.0"/>
  </properties>
  <testcase name="sePuedenListarMultiplesEventoEntreDosFechasParaUneUsuarieConCoincidenciaTotal" classname="calendarios.CalendariosTest" time="0.663"/>
  <testcase name="unCalendarioPermiteAgendarUnEvento" classname="calendarios.CalendariosTest" time="0"/>
  <testcase name="noLlegaATiempoAlProximoEventoCuandoHayUnEventoFÃ­sicamenteLejano" classname="calendarios.CalendariosTest" time="0.031"/>
  <testcase name="sePuedeSaberConQueEventosEstaSolapado" classname="calendarios.CalendariosTest" time="0.001"/>
  <testcase name="uneUsuarieTieneMuchosCalendarios" classname="calendarios.CalendariosTest" time="0"/>
  <testcase name="sePuedeSaberSiUnEventoEstaSolapadoCuandoNoEstaSolapado" classname="calendarios.CalendariosTest" time="0"/>
  <testcase name="llegaATiempoAlProximoEventoCuandoHayUnEventoCercanoAunqueAlSiguienteNoLlegue" classname="calendarios.CalendariosTest" time="0.001"/>
  <testcase name="sePuedenListarEventosDeMultiplesCalendarios" classname="calendarios.CalendariosTest" time="0.001"/>
  <testcase name="sePuedeListarUnEventoEntreDosFechasParaUnCalendario" classname="calendarios.CalendariosTest" time="0.001"/>
  <testcase name="sePuedenListarMultiplesEventoEntreDosFechasParaUneUsuarieConCoincidenciaParcial" classname="calendarios.CalendariosTest" time="0.001"/>
  <testcase name="siEsHoraDeEjecutarUnRecordatorioEntoncesSeEnviaElMail" classname="calendarios.CalendariosTest" time="0.017"/>
  <testcase name="sePuedeListarUnEventoEntreDosFechasParaUneUsuarie" classname="calendarios.CalendariosTest" time="0.001"/>
  <testcase name="unEventoSabeCuantoFalta" classname="calendarios.CalendariosTest" time="0.001"/>
  <testcase name="sePuedenAgendarYListarEventosRecurrrentes" classname="calendarios.CalendariosTest" time="0.002"/>
  <testcase name="unEventoRecurrenteSabeCuantoFaltaParaSuProximaRepeticion" classname="calendarios.CalendariosTest" time="0.002"/>
  <testcase name="llegaATiempoAlProximoEventoCuandoHayUnEventoCercano" classname="calendarios.CalendariosTest" time="0.002"/>
  <testcase name="noSeListaUnEventoSiNoEstaEntreLasFechasIndicadasParaUneUsuarie" classname="calendarios.CalendariosTest" time="0"/>
  <testcase name="llegaATiempoAlProximoEventoCuandoNoHayEventos" classname="calendarios.CalendariosTest" time="0"/>
  <testcase name="sePuedenAgregarRecordatorios" classname="calendarios.CalendariosTest" time="0.001"/>
  <testcase name="unEventoPuedeTenerMultiplesInvitades" classname="calendarios.CalendariosTest" time="0.001"/>
  <testcase name="unCalendarioPermiteAgendarDosEvento" classname="calendarios.CalendariosTest" time="0.001"/>
  <testcase name="siNoEsHoraDeEjecutarUnRecordatorioEntoncesNoPasaNada" classname="calendarios.CalendariosTest" time="0.001"/>
  <testcase name="sePuedeSaberSiUnEventoEstaSolapadoCuandoEstaParcialmenteIncluido" classname="calendarios.CalendariosTest" time="0.001"/>
  <testcase name="sePuedeSaberSiUnEventoEstaSolapadoCuandoEstaTotalmenteIncluido" classname="calendarios.CalendariosTest" time="0.001"/>
</testsuite>